Arguments: 
  /Users/Hobsons-dev/.nvm/versions/node/v8.11.4/bin/node /usr/local/Cellar/yarn/1.17.3/libexec/bin/yarn.js install

PATH: 
  /Users/Hobsons-dev/.rvm/gems/ruby-2.5.3/bin:/Users/Hobsons-dev/.rvm/gems/ruby-2.5.3@global/bin:/Users/Hobsons-dev/.rvm/rubies/ruby-2.5.3/bin:/Users/Hobsons-dev/.cabal/bin:/Users/Hobsons-dev/.ghcup/bin:/Users/Hobsons-dev/.nvm/versions/node/v8.11.4/bin:/Users/Hobsons-dev/bin:/usr/local/bin:/Applications/Postgres.app/Contents/Versions/latest/bin:/usr/local/bin:/usr/bin:/bin:/usr/sbin:/sbin:/Library/TeX/texbin:/Applications/Postgres.app/Contents/Versions/latest/bin:/Users/Hobsons-dev/.rvm/bin

Yarn version: 
  1.17.3

Node version: 
  8.11.4

Platform: 
  darwin x64

Trace: 
  SyntaxError: /Users/Hobsons-dev/Documents/development/uuag/tree-sitter-uuag/package.json: Unexpected token } in JSON at position 387
      at JSON.parse (<anonymous>)
      at /usr/local/Cellar/yarn/1.17.3/libexec/lib/cli.js:1625:59
      at Generator.next (<anonymous>)
      at step (/usr/local/Cellar/yarn/1.17.3/libexec/lib/cli.js:304:30)
      at /usr/local/Cellar/yarn/1.17.3/libexec/lib/cli.js:315:13
      at <anonymous>

npm manifest: 
  {
    "name": "tree-sitter-uuag",
    "version": "1.0.0",
    "description": "UUAGC parser",
    "main": "index.js",
    "scripts": {
      "test": "echo \"Error: no test specified\" && exit 1"
    },
    "author": "Carlos Gómez",
    "license": "ISC",
    "engines": {
      "node": "8.11.4",
      "yarn": "1.17.3"
    },
    "scripts": {
      "tree-sitter:generate": "./node_modules/.bin/tree-sitter generate",
    },
    "dependencies": {
      "nan": "^2.14.0"
    },
    "devDependencies": {
      "tree-sitter-cli": "^0.15.9"
    }
  }

yarn manifest: 
  No manifest

Lockfile: 
  # THIS IS AN AUTOGENERATED FILE. DO NOT EDIT THIS FILE DIRECTLY.
  # yarn lockfile v1
  
  
  nan@^2.14.0:
    version "2.14.0"
    resolved "https://registry.yarnpkg.com/nan/-/nan-2.14.0.tgz#7818f722027b2459a86f0295d434d1fc2336c52c"
    integrity sha512-INOFj37C7k3AfaNTtX8RhsTw7qRy7eLET14cROi9+5HAVbbHuIWUHEauBv5qT4Av2tWasiTY1Jw6puUNqRJXQg==
  
  tree-sitter-cli@^0.15.9:
    version "0.15.9"
    resolved "https://registry.yarnpkg.com/tree-sitter-cli/-/tree-sitter-cli-0.15.9.tgz#3e9509282f1a589172cf8a59e92350f7c6b5ae88"
    integrity sha512-jqeuo78srjRgYu4QjoPfLiYxBKSUGiv3/pZEaZZT2bB1fTQzaBS9mVtQvgAYTOC/fwY/K894Hb/LHqshmdopKw==
